<?xml version="1.0" encoding="UTF-8"?>
<!-- Generated by org.testng.reporters.JUnitReportReporter -->
<testsuite skipped="0" hostname="DESKTOP-702Q2TL" name="com.eden.cases.Test" tests="1" failures="0" timestamp="29 十月 2021 08:51:15 GMT" time="3.248" errors="0">
  <testcase name="test" time="3.248" classname="com.eden.cases.Test"/>
</testsuite> <!-- com.eden.cases.Test -->
